0 info it worked if it ends with ok
1 verbose cli [ '/home/paul/.nvm/v0.10.33/bin/node',
1 verbose cli   '/home/paul/.nvm/v0.10.33/bin/npm',
1 verbose cli   'install',
1 verbose cli   'react-tap-event-plugin',
1 verbose cli   '--save' ]
2 info using npm@1.4.28
3 info using node@v0.10.33
4 verbose readDependencies using package.json deps
5 verbose cache add [ 'react-tap-event-plugin', null ]
6 verbose cache add name=undefined spec="react-tap-event-plugin" args=["react-tap-event-plugin",null]
7 verbose parsed url { protocol: null,
7 verbose parsed url   slashes: null,
7 verbose parsed url   auth: null,
7 verbose parsed url   host: null,
7 verbose parsed url   port: null,
7 verbose parsed url   hostname: null,
7 verbose parsed url   hash: null,
7 verbose parsed url   search: null,
7 verbose parsed url   query: null,
7 verbose parsed url   pathname: 'react-tap-event-plugin',
7 verbose parsed url   path: 'react-tap-event-plugin',
7 verbose parsed url   href: 'react-tap-event-plugin' }
8 silly lockFile f64f0917-react-tap-event-plugin react-tap-event-plugin
9 verbose lock react-tap-event-plugin /home/paul/.npm/f64f0917-react-tap-event-plugin.lock
10 silly lockFile f64f0917-react-tap-event-plugin react-tap-event-plugin
11 silly lockFile f64f0917-react-tap-event-plugin react-tap-event-plugin
12 verbose addNamed [ 'react-tap-event-plugin', '' ]
13 verbose addNamed [ null, '*' ]
14 silly lockFile d5e3a01a-react-tap-event-plugin react-tap-event-plugin@
15 verbose lock react-tap-event-plugin@ /home/paul/.npm/d5e3a01a-react-tap-event-plugin.lock
16 silly addNameRange { name: 'react-tap-event-plugin', range: '*', hasData: false }
17 verbose request where is /react-tap-event-plugin
18 verbose request registry https://registry.npmjs.org/
19 verbose request id 40d1d3722a5652e3
20 verbose url raw /react-tap-event-plugin
21 verbose url resolving [ 'https://registry.npmjs.org/', './react-tap-event-plugin' ]
22 verbose url resolved https://registry.npmjs.org/react-tap-event-plugin
23 verbose request where is https://registry.npmjs.org/react-tap-event-plugin
24 info trying registry request attempt 1 at 16:09:11
25 verbose etag "21ELS5WZ4IQXQY8278S15728Y"
26 http GET https://registry.npmjs.org/react-tap-event-plugin
27 http 304 https://registry.npmjs.org/react-tap-event-plugin
28 silly registry.get cb [ 304,
28 silly registry.get   { date: 'Sat, 31 Jan 2015 21:09:12 GMT',
28 silly registry.get     server: 'Apache',
28 silly registry.get     via: '1.1 varnish',
28 silly registry.get     'last-modified': 'Sat, 31 Jan 2015 21:09:12 GMT',
28 silly registry.get     'cache-control': 'max-age=60',
28 silly registry.get     etag: '"21ELS5WZ4IQXQY8278S15728Y"',
28 silly registry.get     age: '0',
28 silly registry.get     'x-served-by': 'cache-dfw1822-DFW',
28 silly registry.get     'x-cache': 'MISS',
28 silly registry.get     'x-cache-hits': '0',
28 silly registry.get     'x-timer': 'S1422738552.042901,VS0,VE52',
28 silly registry.get     vary: 'Accept',
28 silly registry.get     'content-length': '0',
28 silly registry.get     'keep-alive': 'timeout=10, max=50',
28 silly registry.get     connection: 'Keep-Alive' } ]
29 verbose etag https://registry.npmjs.org/react-tap-event-plugin from cache
30 silly addNameRange number 2 { name: 'react-tap-event-plugin', range: '*', hasData: true }
31 silly addNameRange versions [ 'react-tap-event-plugin',
31 silly addNameRange   [ '0.1.0', '0.1.1', '0.1.2', '0.1.3' ] ]
32 verbose addNamed [ 'react-tap-event-plugin', '0.1.3' ]
33 verbose addNamed [ '0.1.3', '0.1.3' ]
34 silly lockFile efb49376-react-tap-event-plugin-0-1-3 react-tap-event-plugin@0.1.3
35 verbose lock react-tap-event-plugin@0.1.3 /home/paul/.npm/efb49376-react-tap-event-plugin-0-1-3.lock
36 silly lockFile efb49376-react-tap-event-plugin-0-1-3 react-tap-event-plugin@0.1.3
37 silly lockFile efb49376-react-tap-event-plugin-0-1-3 react-tap-event-plugin@0.1.3
38 silly lockFile d5e3a01a-react-tap-event-plugin react-tap-event-plugin@
39 silly lockFile d5e3a01a-react-tap-event-plugin react-tap-event-plugin@
40 silly resolved [ { name: 'react-tap-event-plugin',
40 silly resolved     version: '0.1.3',
40 silly resolved     description: 'Facebook\'s TapEventPlugin, temporarily available on npm until its made public in their repo',
40 silly resolved     main: 'src/injectTapEventPlugin.js',
40 silly resolved     files: [ 'src/' ],
40 silly resolved     scripts: { test: 'echo "Error: no test specified" && exit 1' },
40 silly resolved     repository:
40 silly resolved      { type: 'git',
40 silly resolved        url: 'git://github.com/zilverline/react-tap-event-plugin.git' },
40 silly resolved     keywords:
40 silly resolved      [ 'TapEventPlugin',
40 silly resolved        'react',
40 silly resolved        'touch',
40 silly resolved        'delay',
40 silly resolved        '300ms',
40 silly resolved        'react-tap-event-plugin' ],
40 silly resolved     peerDependencies: { react: '~0.12' },
40 silly resolved     bugs: { url: 'https://github.com/zilverline/react-tap-event-plugin/issues' },
40 silly resolved     licenses: [ [Object] ],
40 silly resolved     homepage: 'http://facebook.github.io/react',
40 silly resolved     gitHead: 'fdef2dfe22779efe61c396c7fd26387eadaffa3a',
40 silly resolved     _id: 'react-tap-event-plugin@0.1.3',
40 silly resolved     _shasum: '3b32593aee47a99bfcaf70c119c562bf311e6536',
40 silly resolved     _from: 'react-tap-event-plugin@',
40 silly resolved     _npmVersion: '2.0.2',
40 silly resolved     _nodeVersion: '0.10.32',
40 silly resolved     _npmUser: { name: 's0meone', email: 'daniel@danielvanhoesel.nl' },
40 silly resolved     maintainers: [ [Object] ],
40 silly resolved     dist:
40 silly resolved      { shasum: '3b32593aee47a99bfcaf70c119c562bf311e6536',
40 silly resolved        tarball: 'http://registry.npmjs.org/react-tap-event-plugin/-/react-tap-event-plugin-0.1.3.tgz' },
40 silly resolved     directories: {},
40 silly resolved     _resolved: 'https://registry.npmjs.org/react-tap-event-plugin/-/react-tap-event-plugin-0.1.3.tgz',
40 silly resolved     readme: 'ERROR: No README data found!' } ]
41 info install react-tap-event-plugin@0.1.3 into /home/paul/Code/fundraiser/mydrive7
42 info installOne react-tap-event-plugin@0.1.3
43 verbose node_modules/react-tap-event-plugin unbuild
44 verbose tar unpack /home/paul/.npm/react-tap-event-plugin/0.1.3/package.tgz
45 silly lockFile 3056ac29-e-modules-react-tap-event-plugin tar:///home/paul/Code/fundraiser/mydrive7/node_modules/react-tap-event-plugin
46 verbose lock tar:///home/paul/Code/fundraiser/mydrive7/node_modules/react-tap-event-plugin /home/paul/.npm/3056ac29-e-modules-react-tap-event-plugin.lock
47 silly lockFile 7b362590-p-event-plugin-0-1-3-package-tgz tar:///home/paul/.npm/react-tap-event-plugin/0.1.3/package.tgz
48 verbose lock tar:///home/paul/.npm/react-tap-event-plugin/0.1.3/package.tgz /home/paul/.npm/7b362590-p-event-plugin-0-1-3-package-tgz.lock
49 silly gunzTarPerm modes [ '775', '664' ]
50 silly gunzTarPerm extractEntry package.json
51 silly gunzTarPerm modified mode [ 'package.json', 420, 436 ]
52 silly gunzTarPerm extractEntry README.md
53 silly gunzTarPerm modified mode [ 'README.md', 420, 436 ]
54 silly gunzTarPerm extractEntry src/ResponderEventPlugin.js
55 silly gunzTarPerm modified mode [ 'src/ResponderEventPlugin.js', 420, 436 ]
56 silly gunzTarPerm extractEntry src/TapEventPlugin.js
57 silly gunzTarPerm modified mode [ 'src/TapEventPlugin.js', 420, 436 ]
58 silly gunzTarPerm extractEntry src/TouchEventUtils.js
59 silly gunzTarPerm modified mode [ 'src/TouchEventUtils.js', 420, 436 ]
60 silly gunzTarPerm extractEntry src/injectTapEventPlugin.js
61 silly gunzTarPerm modified mode [ 'src/injectTapEventPlugin.js', 420, 436 ]
62 silly lockFile 3056ac29-e-modules-react-tap-event-plugin tar:///home/paul/Code/fundraiser/mydrive7/node_modules/react-tap-event-plugin
63 silly lockFile 3056ac29-e-modules-react-tap-event-plugin tar:///home/paul/Code/fundraiser/mydrive7/node_modules/react-tap-event-plugin
64 silly lockFile 7b362590-p-event-plugin-0-1-3-package-tgz tar:///home/paul/.npm/react-tap-event-plugin/0.1.3/package.tgz
65 silly lockFile 7b362590-p-event-plugin-0-1-3-package-tgz tar:///home/paul/.npm/react-tap-event-plugin/0.1.3/package.tgz
66 info preinstall react-tap-event-plugin@0.1.3
67 verbose readDependencies using package.json deps
68 verbose readDependencies using package.json deps
69 silly resolved []
70 verbose about to build /home/paul/Code/fundraiser/mydrive7/node_modules/react-tap-event-plugin
71 info build /home/paul/Code/fundraiser/mydrive7/node_modules/react-tap-event-plugin
72 verbose linkStuff [ false,
72 verbose linkStuff   false,
72 verbose linkStuff   false,
72 verbose linkStuff   '/home/paul/Code/fundraiser/mydrive7/node_modules' ]
73 info linkStuff react-tap-event-plugin@0.1.3
74 verbose linkBins react-tap-event-plugin@0.1.3
75 verbose linkMans react-tap-event-plugin@0.1.3
76 verbose rebuildBundles react-tap-event-plugin@0.1.3
77 info install react-tap-event-plugin@0.1.3
78 info postinstall react-tap-event-plugin@0.1.3
79 verbose readDependencies using package.json deps
80 verbose already installed skipping react@~0.12 /home/paul/Code/fundraiser/mydrive7
81 silly resolved []
82 warn unmet dependency /home/paul/Code/fundraiser/mydrive7/node_modules/gulp-streamify/node_modules/gulp-util/node_modules/through2 requires readable-stream@'~1.0.17' but will load
82 warn unmet dependency /home/paul/Code/fundraiser/mydrive7/node_modules/gulp-streamify/node_modules/readable-stream,
82 warn unmet dependency which is version 1.1.13
83 error peerinvalid The package react does not satisfy its siblings' peerDependencies requirements!
83 error peerinvalid Peer react-router@0.9.5 wants react@0.11.x
83 error peerinvalid Peer react-addons@0.9.1-deprecated wants react@>= 0.9.0
83 error peerinvalid Peer react-tap-event-plugin@0.1.3 wants react@~0.12
84 error System Linux 3.13.0-44-generic
85 error command "/home/paul/.nvm/v0.10.33/bin/node" "/home/paul/.nvm/v0.10.33/bin/npm" "install" "react-tap-event-plugin" "--save"
86 error cwd /home/paul/Code/fundraiser/mydrive7/client
87 error node -v v0.10.33
88 error npm -v 1.4.28
89 error code EPEERINVALID
90 verbose exit [ 1, true ]
