0 info it worked if it ends with ok
1 verbose cli [ '/home/paul/.nvm/v0.10.33/bin/node',
1 verbose cli   '/home/paul/.nvm/v0.10.33/bin/npm',
1 verbose cli   'install',
1 verbose cli   'fluxible-router-component',
1 verbose cli   '--save' ]
2 info using npm@1.4.28
3 info using node@v0.10.33
4 warn package.json fluxible-plugin-routr@0.3.0 No repository field.
5 verbose readDependencies using package.json deps
6 verbose cache add [ 'fluxible-router-component', null ]
7 verbose cache add name=undefined spec="fluxible-router-component" args=["fluxible-router-component",null]
8 verbose parsed url { protocol: null,
8 verbose parsed url   slashes: null,
8 verbose parsed url   auth: null,
8 verbose parsed url   host: null,
8 verbose parsed url   port: null,
8 verbose parsed url   hostname: null,
8 verbose parsed url   hash: null,
8 verbose parsed url   search: null,
8 verbose parsed url   query: null,
8 verbose parsed url   pathname: 'fluxible-router-component',
8 verbose parsed url   path: 'fluxible-router-component',
8 verbose parsed url   href: 'fluxible-router-component' }
9 silly lockFile e66a6d19-fluxible-router-component fluxible-router-component
10 verbose lock fluxible-router-component /home/paul/.npm/e66a6d19-fluxible-router-component.lock
11 silly lockFile e66a6d19-fluxible-router-component fluxible-router-component
12 silly lockFile e66a6d19-fluxible-router-component fluxible-router-component
13 verbose addNamed [ 'fluxible-router-component', '' ]
14 verbose addNamed [ null, '*' ]
15 silly lockFile dc5b8d9c-fluxible-router-component fluxible-router-component@
16 verbose lock fluxible-router-component@ /home/paul/.npm/dc5b8d9c-fluxible-router-component.lock
17 silly addNameRange { name: 'fluxible-router-component', range: '*', hasData: false }
18 verbose request where is /fluxible-router-component
19 verbose request registry https://registry.npmjs.org/
20 verbose request id ac19131fab814f24
21 verbose url raw /fluxible-router-component
22 verbose url resolving [ 'https://registry.npmjs.org/', './fluxible-router-component' ]
23 verbose url resolved https://registry.npmjs.org/fluxible-router-component
24 verbose request where is https://registry.npmjs.org/fluxible-router-component
25 info trying registry request attempt 1 at 23:16:01
26 http GET https://registry.npmjs.org/fluxible-router-component
27 http 404 https://registry.npmjs.org/fluxible-router-component
28 verbose headers { date: 'Tue, 10 Feb 2015 04:16:01 GMT',
28 verbose headers   server: 'CouchDB/1.5.0 (Erlang OTP/R16B03)',
28 verbose headers   'content-type': 'application/json',
28 verbose headers   'cache-control': 'max-age=0',
28 verbose headers   'content-length': '52',
28 verbose headers   'accept-ranges': 'bytes',
28 verbose headers   via: '1.1 varnish',
28 verbose headers   age: '0',
28 verbose headers   'x-served-by': 'cache-jfk1027-JFK',
28 verbose headers   'x-cache': 'MISS',
28 verbose headers   'x-cache-hits': '0',
28 verbose headers   'x-timer': 'S1423541761.552775,VS0,VE21',
28 verbose headers   'keep-alive': 'timeout=10, max=50',
28 verbose headers   connection: 'Keep-Alive' }
29 silly registry.get cb [ 404,
29 silly registry.get   { date: 'Tue, 10 Feb 2015 04:16:01 GMT',
29 silly registry.get     server: 'CouchDB/1.5.0 (Erlang OTP/R16B03)',
29 silly registry.get     'content-type': 'application/json',
29 silly registry.get     'cache-control': 'max-age=0',
29 silly registry.get     'content-length': '52',
29 silly registry.get     'accept-ranges': 'bytes',
29 silly registry.get     via: '1.1 varnish',
29 silly registry.get     age: '0',
29 silly registry.get     'x-served-by': 'cache-jfk1027-JFK',
29 silly registry.get     'x-cache': 'MISS',
29 silly registry.get     'x-cache-hits': '0',
29 silly registry.get     'x-timer': 'S1423541761.552775,VS0,VE21',
29 silly registry.get     'keep-alive': 'timeout=10, max=50',
29 silly registry.get     connection: 'Keep-Alive' } ]
30 silly lockFile dc5b8d9c-fluxible-router-component fluxible-router-component@
31 silly lockFile dc5b8d9c-fluxible-router-component fluxible-router-component@
32 error 404 404 Not Found: fluxible-router-component
32 error 404
32 error 404 'fluxible-router-component' is not in the npm registry.
32 error 404 You should bug the author to publish it
32 error 404 It was specified as a dependency of 'mydrive7'
32 error 404
32 error 404 Note that you can also install from a
32 error 404 tarball, folder, or http url, or git url.
33 error System Linux 3.13.0-45-generic
34 error command "/home/paul/.nvm/v0.10.33/bin/node" "/home/paul/.nvm/v0.10.33/bin/npm" "install" "fluxible-router-component" "--save"
35 error cwd /home/paul/Code/fundraiser/mydrive7
36 error node -v v0.10.33
37 error npm -v 1.4.28
38 error code E404
39 verbose exit [ 1, true ]
